<?xml version="1.0" encoding="UTF-8"?>
<testsuite name="com.mos.MosApplicationTests" tests="1" skipped="0" failures="0" errors="0" timestamp="2024-04-02T07:28:19" hostname="swui-MacBookPro.local" time="0.097">
  <properties/>
  <testcase name="contextLoads()" classname="com.mos.MosApplicationTests" time="0.097"/>
  <system-out><![CDATA[16:28:18.888 [Test worker] DEBUG org.springframework.test.context.BootstrapUtils - Instantiating CacheAwareContextLoaderDelegate from class [org.springframework.test.context.cache.DefaultCacheAwareContextLoaderDelegate]
16:28:18.892 [Test worker] DEBUG org.springframework.test.context.BootstrapUtils - Instantiating BootstrapContext using constructor [public org.springframework.test.context.support.DefaultBootstrapContext(java.lang.Class,org.springframework.test.context.CacheAwareContextLoaderDelegate)]
16:28:18.905 [Test worker] DEBUG org.springframework.test.context.BootstrapUtils - Instantiating TestContextBootstrapper for test class [com.mos.MosApplicationTests] from class [org.springframework.boot.test.context.SpringBootTestContextBootstrapper]
16:28:18.910 [Test worker] INFO org.springframework.boot.test.context.SpringBootTestContextBootstrapper - Neither @ContextConfiguration nor @ContextHierarchy found for test class [com.mos.MosApplicationTests], using SpringBootContextLoader
16:28:18.912 [Test worker] DEBUG org.springframework.test.context.support.AbstractContextLoader - Did not detect default resource location for test class [com.mos.MosApplicationTests]: class path resource [com/mos/MosApplicationTests-context.xml] does not exist
16:28:18.912 [Test worker] DEBUG org.springframework.test.context.support.AbstractContextLoader - Did not detect default resource location for test class [com.mos.MosApplicationTests]: class path resource [com/mos/MosApplicationTestsContext.groovy] does not exist
16:28:18.912 [Test worker] INFO org.springframework.test.context.support.AbstractContextLoader - Could not detect default resource locations for test class [com.mos.MosApplicationTests]: no resource found for suffixes {-context.xml, Context.groovy}.
16:28:18.912 [Test worker] INFO org.springframework.test.context.support.AnnotationConfigContextLoaderUtils - Could not detect default configuration classes for test class [com.mos.MosApplicationTests]: MosApplicationTests does not declare any static, non-private, non-final, nested classes annotated with @Configuration.
16:28:18.927 [Test worker] DEBUG org.springframework.test.context.support.ActiveProfilesUtils - Could not find an 'annotation declaring class' for annotation type [org.springframework.test.context.ActiveProfiles] and class [com.mos.MosApplicationTests]
16:28:18.951 [Test worker] DEBUG org.springframework.context.annotation.ClassPathScanningCandidateComponentProvider - Identified candidate component class: file [/Users/swc/Downloads/project/mos/mos/build/classes/java/main/com/mos/MosApplication.class]
16:28:18.951 [Test worker] INFO org.springframework.boot.test.context.SpringBootTestContextBootstrapper - Found @SpringBootConfiguration com.mos.MosApplication for test class com.mos.MosApplicationTests
16:28:18.988 [Test worker] DEBUG org.springframework.boot.test.context.SpringBootTestContextBootstrapper - @TestExecutionListeners is not present for class [com.mos.MosApplicationTests]: using defaults.
16:28:18.989 [Test worker] INFO org.springframework.boot.test.context.SpringBootTestContextBootstrapper - Loaded default TestExecutionListener class names from location [META-INF/spring.factories]: [org.springframework.boot.test.autoconfigure.restdocs.RestDocsTestExecutionListener, org.springframework.boot.test.autoconfigure.web.client.MockRestServiceServerResetTestExecutionListener, org.springframework.boot.test.autoconfigure.web.servlet.MockMvcPrintOnlyOnFailureTestExecutionListener, org.springframework.boot.test.autoconfigure.web.servlet.WebDriverTestExecutionListener, org.springframework.boot.test.autoconfigure.webservices.client.MockWebServiceServerTestExecutionListener, org.springframework.boot.test.mock.mockito.MockitoTestExecutionListener, org.springframework.boot.test.mock.mockito.ResetMocksTestExecutionListener, org.springframework.test.context.web.ServletTestExecutionListener, org.springframework.test.context.support.DirtiesContextBeforeModesTestExecutionListener, org.springframework.test.context.event.ApplicationEventsTestExecutionListener, org.springframework.test.context.support.DependencyInjectionTestExecutionListener, org.springframework.test.context.support.DirtiesContextTestExecutionListener, org.springframework.test.context.transaction.TransactionalTestExecutionListener, org.springframework.test.context.jdbc.SqlScriptsTestExecutionListener, org.springframework.test.context.event.EventPublishingTestExecutionListener]
16:28:18.996 [Test worker] INFO org.springframework.boot.test.context.SpringBootTestContextBootstrapper - Using TestExecutionListeners: [org.springframework.test.context.web.ServletTestExecutionListener@426b6a74, org.springframework.test.context.support.DirtiesContextBeforeModesTestExecutionListener@4c51bb7, org.springframework.test.context.event.ApplicationEventsTestExecutionListener@83298d7, org.springframework.boot.test.mock.mockito.MockitoTestExecutionListener@42a9e5d1, org.springframework.boot.test.autoconfigure.SpringBootDependencyInjectionTestExecutionListener@5b080f3a, org.springframework.test.context.support.DirtiesContextTestExecutionListener@773cbf4f, org.springframework.test.context.transaction.TransactionalTestExecutionListener@6b54655f, org.springframework.test.context.jdbc.SqlScriptsTestExecutionListener@665e9289, org.springframework.test.context.event.EventPublishingTestExecutionListener@7d3430a7, org.springframework.boot.test.autoconfigure.restdocs.RestDocsTestExecutionListener@6f603e89, org.springframework.boot.test.autoconfigure.web.client.MockRestServiceServerResetTestExecutionListener@2756c0a7, org.springframework.boot.test.autoconfigure.web.servlet.MockMvcPrintOnlyOnFailureTestExecutionListener@350ec41e, org.springframework.boot.test.autoconfigure.web.servlet.WebDriverTestExecutionListener@69637b10, org.springframework.boot.test.autoconfigure.webservices.client.MockWebServiceServerTestExecutionListener@71984c3, org.springframework.boot.test.mock.mockito.ResetMocksTestExecutionListener@165b2f7f]
16:28:18.997 [Test worker] DEBUG org.springframework.test.context.support.AbstractDirtiesContextTestExecutionListener - Before test class: context [DefaultTestContext@e260766 testClass = MosApplicationTests, testInstance = [null], testMethod = [null], testException = [null], mergedContextConfiguration = [WebMergedContextConfiguration@2c3dec30 testClass = MosApplicationTests, locations = '{}', classes = '{class com.mos.MosApplication}', contextInitializerClasses = '[]', activeProfiles = '{}', propertySourceLocations = '{}', propertySourceProperties = '{org.springframework.boot.test.context.SpringBootTestContextBootstrapper=true}', contextCustomizers = set[org.springframework.boot.test.autoconfigure.actuate.metrics.MetricsExportContextCustomizerFactory$DisableMetricExportContextCustomizer@2e48362c, org.springframework.boot.test.autoconfigure.properties.PropertyMappingContextCustomizer@0, org.springframework.boot.test.autoconfigure.web.servlet.WebDriverContextCustomizerFactory$Customizer@2421cc4, org.springframework.boot.test.context.filter.ExcludeFilterContextCustomizer@58ce9668, org.springframework.boot.test.json.DuplicateJsonObjectContextCustomizerFactory$DuplicateJsonObjectContextCustomizer@1fa1cab1, org.springframework.boot.test.mock.mockito.MockitoContextCustomizer@0, org.springframework.boot.test.web.client.TestRestTemplateContextCustomizer@8576fa0, org.springframework.boot.test.context.SpringBootTestArgs@1, org.springframework.boot.test.context.SpringBootTestWebEnvironment@4c309d4d], resourceBasePath = 'src/main/webapp', contextLoader = 'org.springframework.boot.test.context.SpringBootContextLoader', parent = [null]], attributes = map['org.springframework.test.context.web.ServletTestExecutionListener.activateListener' -> true]], class annotated with @DirtiesContext [false] with mode [null].

  .   ____          _            __ _ _
 /\\ / ___'_ __ _ _(_)_ __  __ _ \ \ \ \
( ( )\___ | '_ | '_| | '_ \/ _` | \ \ \ \
 \\/  ___)| |_)| | | | | || (_| |  ) ) ) )
  '  |____| .__|_| |_|_| |_\__, | / / / /
 =========|_|==============|___/=/_/_/_/
 :: Spring Boot ::               (v2.7.18)

2024-04-02 16:28:19.121  INFO 59364 --- [    Test worker] com.mos.MosApplicationTests              : Starting MosApplicationTests using Java 21.0.1 on swui-MacBookPro.local with PID 59364 (started by swc in /Users/swc/Downloads/project/mos/mos)
2024-04-02 16:28:19.122  INFO 59364 --- [    Test worker] com.mos.MosApplicationTests              : The following 1 profile is active: "dev"
2024-04-02 16:28:19.135 DEBUG 59364 --- [    Test worker] o.s.w.c.s.GenericWebApplicationContext   : Refreshing org.springframework.web.context.support.GenericWebApplicationContext@110844f6
2024-04-02 16:28:19.778 DEBUG 59364 --- [    Test worker] s.w.s.m.m.a.RequestMappingHandlerAdapter : ControllerAdvice beans: 0 @ModelAttribute, 0 @InitBinder, 1 RequestBodyAdvice, 1 ResponseBodyAdvice
2024-04-02 16:28:19.826 DEBUG 59364 --- [    Test worker] s.w.s.m.m.a.RequestMappingHandlerMapping : 7 mappings in 'requestMappingHandlerMapping'
2024-04-02 16:28:19.843 DEBUG 59364 --- [    Test worker] o.s.w.s.handler.SimpleUrlHandlerMapping  : Patterns [/webjars/**, /**] in 'resourceHandlerMapping'
2024-04-02 16:28:19.850 DEBUG 59364 --- [    Test worker] .m.m.a.ExceptionHandlerExceptionResolver : ControllerAdvice beans: 0 @ExceptionHandler, 1 ResponseBodyAdvice
2024-04-02 16:28:19.934  INFO 59364 --- [    Test worker] com.mos.MosApplicationTests              : Started MosApplicationTests in 0.923 seconds (JVM running for 1.398)
]]></system-out>
  <system-err><![CDATA[]]></system-err>
</testsuite>
